<?xml version="1.0" encoding="utf-8"?><testsuites name="pytest tests"><testsuite name="pytest" errors="0" failures="0" skipped="0" tests="17" time="11.071" timestamp="2026-06-18T01:21:28.165391+00:00" hostname="agent-env-7793b1aa-4b6b-4d95-845b-f1237d034b42"><testcase classname="backend.tests.test_auth_and_checkins.TestAuth" name="test_me_unauth_returns_401" time="0.266" /><testcase classname="backend.tests.test_auth_and_checkins.TestAuth" name="test_me_with_bearer" time="0.118" /><testcase classname="backend.tests.test_auth_and_checkins.TestAuth" name="test_me_with_cookie" time="0.110" /><testcase classname="backend.tests.test_auth_and_checkins.TestAuth" name="test_me_invalid_token" time="0.124" /><testcase classname="backend.tests.test_auth_and_checkins.TestAuth" name="test_session_invalid_id_rejected" time="0.246" /><testcase classname="backend.tests.test_auth_and_checkins.TestAuth" name="test_logout_clears_session" time="0.353" /><testcase classname="backend.tests.test_auth_and_checkins.TestCheckins" name="test_checkins_unauth" time="0.319" /><testcase classname="backend.tests.test_auth_and_checkins.TestCheckins" name="test_latest_empty" time="0.112" /><testcase classname="backend.tests.test_auth_and_checkins.TestCheckins" name="test_create_checkin_computes_eq_and_returns_record" time="3.467" /><testcase classname="backend.tests.test_auth_and_checkins.TestCheckins" name="test_list_checkins_only_owned" time="2.406" /><testcase classname="backend.tests.test_auth_and_checkins.TestCheckins" name="test_latest_returns_most_recent" time="2.108" /><testcase classname="backend.tests.test_auth_and_checkins.TestCheckins" name="test_validation_out_of_range" time="0.115" /><testcase classname="backend.tests.test_auth_and_checkins.TestRegressions" name="test_waitlist_count" time="0.127" /><testcase classname="backend.tests.test_auth_and_checkins.TestRegressions" name="test_waitlist_create_idempotent" time="0.567" /><testcase classname="backend.tests.test_auth_and_checkins.TestRegressions" name="test_admin_analytics_requires_token" time="0.219" /><testcase classname="backend.tests.test_auth_and_checkins.TestRegressions" name="test_admin_analytics_with_token" time="0.114" /><testcase classname="backend.tests.test_auth_and_checkins.TestRegressions" name="test_root" time="0.101" /></testsuite></testsuites>