<?xml version="1.0" encoding="utf-8"?><testsuites name="pytest tests"><testsuite name="pytest" errors="0" failures="0" skipped="0" tests="11" time="4.792" timestamp="2026-07-23T02:36:03.197505+00:00" hostname="agent-env-7793b1aa-4b6b-4d95-845b-f1237d034b42"><testcase classname="backend.tests.test_investor_inquiries.TestInvestorInquiryValidation" name="test_valid_submission_success" time="1.019" /><testcase classname="backend.tests.test_investor_inquiries.TestInvestorInquiryValidation" name="test_dwell_time_rejected" time="0.055" /><testcase classname="backend.tests.test_investor_inquiries.TestInvestorInquiryValidation" name="test_honeypot_silently_filtered" time="0.047" /><testcase classname="backend.tests.test_investor_inquiries.TestInvestorInquiryValidation" name="test_missing_name_422" time="0.049" /><testcase classname="backend.tests.test_investor_inquiries.TestInvestorInquiryValidation" name="test_empty_message_422" time="0.055" /><testcase classname="backend.tests.test_investor_inquiries.TestInvestorInquiryValidation" name="test_invalid_email_422" time="0.059" /><testcase classname="backend.tests.test_investor_inquiries.TestInvestorInquiryValidation" name="test_unknown_investor_type_normalised_to_other" time="0.677" /><testcase classname="backend.tests.test_investor_inquiries.TestInvestorInquiryAdmin" name="test_admin_readback_requires_auth" time="0.130" /><testcase classname="backend.tests.test_investor_inquiries.TestInvestorInquiryAdmin" name="test_admin_readback_wrong_token" time="0.128" /><testcase classname="backend.tests.test_investor_inquiries.TestInvestorInquiryAdmin" name="test_full_flow_persists_and_admin_lists" time="0.826" /><testcase classname="backend.tests.test_investor_inquiries.TestRateLimit" name="test_three_or_more_from_same_ip_may_429" time="1.676" /></testsuite></testsuites>