<?xml version="1.0" encoding="utf-8"?><testsuites name="pytest tests"><testsuite name="pytest" errors="0" failures="0" skipped="0" tests="13" time="3.498" timestamp="2026-06-21T19:12:28.701790+00:00" hostname="agent-env-7793b1aa-4b6b-4d95-845b-f1237d034b42"><testcase classname="backend.tests.test_payments.TestPackages" name="test_list_packages_shape" time="0.268" /><testcase classname="backend.tests.test_payments.TestCheckoutSession" name="test_create_session_anonymous_success" time="0.578" /><testcase classname="backend.tests.test_payments.TestCheckoutSession" name="test_create_session_unknown_package" time="0.048" /><testcase classname="backend.tests.test_payments.TestCheckoutSession" name="test_create_session_rejects_invalid_email" time="0.050" /><testcase classname="backend.tests.test_payments.TestCheckoutSession" name="test_create_session_missing_required" time="0.047" /><testcase classname="backend.tests.test_payments.TestCheckoutStatus" name="test_status_unknown_session_404" time="0.047" /><testcase classname="backend.tests.test_payments.TestCheckoutStatus" name="test_status_real_unpaid_session_shape" time="0.302" /><testcase classname="backend.tests.test_payments.TestCheckoutStatus" name="test_status_idempotent_two_calls" time="0.959" /><testcase classname="backend.tests.test_payments.TestStripeWebhook" name="test_webhook_missing_signature_400" time="0.130" /><testcase classname="backend.tests.test_payments.TestStripeWebhook" name="test_webhook_invalid_signature_400" time="0.096" /><testcase classname="backend.tests.test_payments.TestRegression" name="test_waitlist_still_works" time="0.791" /><testcase classname="backend.tests.test_payments.TestRegression" name="test_admin_beta_stats_with_token" time="0.071" /><testcase classname="backend.tests.test_payments.TestRegression" name="test_beta_apply_endpoint_present" time="0.048" /></testsuite></testsuites>