<?xml version="1.0" encoding="utf-8"?><testsuites name="pytest tests"><testsuite name="pytest" errors="0" failures="0" skipped="0" tests="18" time="1.962" timestamp="2026-06-19T01:39:44.180922+00:00" hostname="agent-env-7793b1aa-4b6b-4d95-845b-f1237d034b42"><testcase classname="backend.tests.test_beta.TestBetaApply" name="test_apply_valid_returns_ok_and_not_already_applied" time="0.330" /><testcase classname="backend.tests.test_beta.TestBetaApply" name="test_apply_duplicate_is_idempotent" time="0.100" /><testcase classname="backend.tests.test_beta.TestBetaApply" name="test_apply_invalid_email_returns_422" time="0.055" /><testcase classname="backend.tests.test_beta.TestBetaRedeemAuth" name="test_redeem_without_auth_returns_401" time="0.056" /><testcase classname="backend.tests.test_beta.TestBetaRedeemAuth" name="test_status_without_auth_returns_401" time="0.046" /><testcase classname="backend.tests.test_beta.TestBetaFeedbackAuth" name="test_feedback_without_auth_returns_401" time="0.049" /><testcase classname="backend.tests.test_beta.TestAdminCodes" name="test_mint_3_codes" time="0.052" /><testcase classname="backend.tests.test_beta.TestAdminCodes" name="test_mint_1_code_with_label" time="0.046" /><testcase classname="backend.tests.test_beta.TestAdminCodes" name="test_mint_unauthorized_returns_401_or_403" time="0.046" /><testcase classname="backend.tests.test_beta.TestAdminCodes" name="test_list_codes" time="0.048" /><testcase classname="backend.tests.test_beta.TestAdminApplications" name="test_list_applications" time="0.047" /><testcase classname="backend.tests.test_beta.TestAdminApplications" name="test_approve_application" time="0.387" /><testcase classname="backend.tests.test_beta.TestAdminApplications" name="test_deny_application" time="0.186" /><testcase classname="backend.tests.test_beta.TestAdminApplications" name="test_approve_unknown_id_returns_404" time="0.048" /><testcase classname="backend.tests.test_beta.TestAdminInvite" name="test_invite_mints_code" time="0.215" /><testcase classname="backend.tests.test_beta.TestAdminFeedbackAndStats" name="test_list_feedback" time="0.044" /><testcase classname="backend.tests.test_beta.TestAdminFeedbackAndStats" name="test_stats_shape" time="0.055" /><testcase classname="backend.tests.test_beta.TestRedeemErrorPaths" name="test_redeem_with_invalid_session_returns_401" time="0.050" /></testsuite></testsuites>