<?xml version="1.0" encoding="utf-8"?><testsuites name="pytest tests"><testsuite name="pytest" errors="0" failures="0" skipped="0" tests="13" time="3.012" timestamp="2026-06-17T01:36:56.069010+00:00" hostname="agent-env-7793b1aa-4b6b-4d95-845b-f1237d034b42"><testcase classname="backend.tests.test_waitlist.TestWaitlistCount" name="test_count_returns_int" time="0.263" /><testcase classname="backend.tests.test_waitlist.TestWaitlistCreate" name="test_create_valid_with_known_audience" time="0.277" /><testcase classname="backend.tests.test_waitlist.TestWaitlistCreate" name="test_create_without_audience" time="0.229" /><testcase classname="backend.tests.test_waitlist.TestWaitlistCreate" name="test_unknown_audience_coerced_to_null" time="0.220" /><testcase classname="backend.tests.test_waitlist.TestWaitlistCreate" name="test_sub_audience_doctors" time="0.219" /><testcase classname="backend.tests.test_waitlist.TestWaitlistCreate" name="test_watch_audience_accepted" time="0.234" /><testcase classname="backend.tests.test_waitlist.TestWaitlistCreate" name="test_invalid_email_returns_422" time="0.047" /><testcase classname="backend.tests.test_waitlist.TestWaitlistCreate" name="test_missing_email_returns_422" time="0.047" /><testcase classname="backend.tests.test_waitlist.TestWaitlistIdempotency" name="test_same_email_same_audience_returns_same_record" time="0.279" /><testcase classname="backend.tests.test_waitlist.TestWaitlistIdempotency" name="test_same_email_different_audience_is_new_record" time="0.464" /><testcase classname="backend.tests.test_waitlist.TestResendTestMode" name="test_verified_owner_email_sent_true" time="0.051" /><testcase classname="backend.tests.test_waitlist.TestCountIncreases" name="test_count_increments_after_insert" time="0.301" /><testcase classname="backend.tests.test_waitlist.TestWatchEmailRendering" name="test_render_email_html_watch_audience_subject_and_body" time="0.299" /></testsuite></testsuites>